<?xml version="1.0" encoding="UTF-8"?>
<!-- Generated by org.testng.reporters.JUnitReportReporter -->
<testsuite skipped="0" hostname="LAPTOP-6VI1DRMG" name="com.crm.qa.testcases.LoginPageTest" tests="1" failures="0" timestamp="17 Sep 2021 16:28:15 GMT" time="14.323" errors="0">
  <testcase name="loginTest" time="14.323" classname="com.crm.qa.testcases.LoginPageTest"/>
</testsuite> <!-- com.crm.qa.testcases.LoginPageTest -->
